<?xml version="1.0" encoding="UTF-8"?>
<!-- Generated by org.testng.reporters.JUnitReportReporter -->
<testsuite hostname="selinas-MacBook-Pro.local" failures="0" tests="1" name="allTest.HomePageTest" time="5.313" errors="0" timestamp="2020-03-15T16:36:09 EDT" skipped="0">
  <testcase classname="allTest.HomePageTest" name="gotoUrl" time="5.313"/>
  <system-out/>
</testsuite> <!-- allTest.HomePageTest -->
